2024-04-09 [INFO] com.dydata.ErpTrackerApplication Starting ErpTrackerApplication using Java 17.0.3 with PID 1872 (C:\Users\Manit Hira\Downloads\ExaData_1\erp_tracker\erp_tracker\target\classes started by Manit Hira in C:\Users\Manit Hira\Downloads\ExaData_1\erp_tracker\erp_tracker)
2024-04-09 [INFO] com.dydata.ErpTrackerApplication No active profile set, falling back to 1 default profile: "default"
2024-04-09 [INFO] org.springframework.boot.devtools.env.DevToolsPropertyDefaultsPostProcessor Devtools property defaults active! Set 'spring.devtools.add-properties' to 'false' to disable
2024-04-09 [INFO] org.springframework.boot.devtools.env.DevToolsPropertyDefaultsPostProcessor For additional web related logging consider setting the 'logging.level.web' property to 'DEBUG'
2024-04-09 [INFO] org.springframework.data.repository.config.RepositoryConfigurationDelegate Bootstrapping Spring Data JPA repositories in DEFAULT mode.
2024-04-09 [INFO] org.springframework.data.repository.config.RepositoryConfigurationDelegate Finished Spring Data repository scanning in 96 ms. Found 1 JPA repository interface.
2024-04-09 [INFO] org.springframework.boot.web.embedded.tomcat.TomcatWebServer Tomcat initialized with port 8081 (http)
2024-04-09 [INFO] org.apache.catalina.core.StandardService Starting service [Tomcat]
2024-04-09 [INFO] org.apache.catalina.core.StandardEngine Starting Servlet engine: [Apache Tomcat/10.1.19]
2024-04-09 [INFO] org.apache.catalina.core.ContainerBase.[Tomcat].[localhost].[/] Initializing Spring embedded WebApplicationContext
2024-04-09 [INFO] org.springframework.boot.web.servlet.context.ServletWebServerApplicationContext Root WebApplicationContext: initialization completed in 2635 ms
2024-04-09 [INFO] org.hibernate.jpa.internal.util.LogHelper HHH000204: Processing PersistenceUnitInfo [name: default]
2024-04-09 [INFO] org.hibernate.Version HHH000412: Hibernate ORM core version 6.4.4.Final
2024-04-09 [INFO] org.hibernate.cache.internal.RegionFactoryInitiator HHH000026: Second-level cache disabled
2024-04-09 [INFO] org.springframework.orm.jpa.persistenceunit.SpringPersistenceUnitInfo No LoadTimeWeaver setup: ignoring JPA class transformer
2024-04-09 [INFO] com.zaxxer.hikari.HikariDataSource HikariPool-1 - Starting...
2024-04-09 [INFO] com.zaxxer.hikari.pool.HikariPool HikariPool-1 - Added connection com.mysql.cj.jdbc.ConnectionImpl@56852972
2024-04-09 [INFO] com.zaxxer.hikari.HikariDataSource HikariPool-1 - Start completed.
2024-04-09 [INFO] org.hibernate.engine.transaction.jta.platform.internal.JtaPlatformInitiator HHH000489: No JTA platform available (set 'hibernate.transaction.jta.platform' to enable JTA platform integration)
2024-04-09 [INFO] org.springframework.orm.jpa.LocalContainerEntityManagerFactoryBean Initialized JPA EntityManagerFactory for persistence unit 'default'
2024-04-09 [WARN] org.springframework.boot.autoconfigure.orm.jpa.JpaBaseConfiguration$JpaWebConfiguration spring.jpa.open-in-view is enabled by default. Therefore, database queries may be performed during view rendering. Explicitly configure spring.jpa.open-in-view to disable this warning
2024-04-09 [INFO] org.springframework.boot.devtools.autoconfigure.OptionalLiveReloadServer LiveReload server is running on port 35729
2024-04-09 [INFO] org.springframework.boot.web.embedded.tomcat.TomcatWebServer Tomcat started on port 8081 (http) with context path ''
2024-04-09 [INFO] com.dydata.ErpTrackerApplication Started ErpTrackerApplication in 8.268 seconds (process running for 9.169)
2024-04-09 [INFO] com.dydata.ErpTrackerApplication I am info
2024-04-09 [WARN] com.dydata.ErpTrackerApplication I am warn
2024-04-09 [ERROR] com.dydata.ErpTrackerApplication I am error
2024-04-09 [INFO] org.apache.catalina.core.ContainerBase.[Tomcat].[localhost].[/] Initializing Spring DispatcherServlet 'dispatcherServlet'
2024-04-09 [INFO] org.springframework.web.servlet.DispatcherServlet Initializing Servlet 'dispatcherServlet'
2024-04-09 [INFO] org.springframework.web.servlet.DispatcherServlet Completed initialization in 1 ms
2024-04-09 [INFO] org.springframework.boot.devtools.autoconfigure.LocalDevToolsAutoConfiguration$RestartingClassPathChangeChangedEventListener Restarting due to 1 class path change (0 additions, 0 deletions, 1 modification)
2024-04-09 [INFO] org.springframework.orm.jpa.LocalContainerEntityManagerFactoryBean Closing JPA EntityManagerFactory for persistence unit 'default'
2024-04-09 [INFO] com.zaxxer.hikari.HikariDataSource HikariPool-1 - Shutdown initiated...
2024-04-09 [INFO] com.zaxxer.hikari.HikariDataSource HikariPool-1 - Shutdown completed.
2024-04-09 [INFO] com.dydata.ErpTrackerApplication Starting ErpTrackerApplication using Java 17.0.3 with PID 1872 (C:\Users\Manit Hira\Downloads\ExaData_1\erp_tracker\erp_tracker\target\classes started by Manit Hira in C:\Users\Manit Hira\Downloads\ExaData_1\erp_tracker\erp_tracker)
2024-04-09 [INFO] com.dydata.ErpTrackerApplication No active profile set, falling back to 1 default profile: "default"
2024-04-09 [INFO] org.springframework.data.repository.config.RepositoryConfigurationDelegate Bootstrapping Spring Data JPA repositories in DEFAULT mode.
2024-04-09 [INFO] org.springframework.data.repository.config.RepositoryConfigurationDelegate Finished Spring Data repository scanning in 11 ms. Found 1 JPA repository interface.
2024-04-09 [INFO] org.springframework.boot.web.embedded.tomcat.TomcatWebServer Tomcat initialized with port 8081 (http)
2024-04-09 [INFO] org.apache.catalina.core.StandardService Starting service [Tomcat]
2024-04-09 [INFO] org.apache.catalina.core.StandardEngine Starting Servlet engine: [Apache Tomcat/10.1.19]
2024-04-09 [INFO] org.apache.catalina.core.ContainerBase.[Tomcat].[localhost].[/] Initializing Spring embedded WebApplicationContext
2024-04-09 [INFO] org.springframework.boot.web.servlet.context.ServletWebServerApplicationContext Root WebApplicationContext: initialization completed in 384 ms
2024-04-09 [INFO] org.hibernate.jpa.internal.util.LogHelper HHH000204: Processing PersistenceUnitInfo [name: default]
2024-04-09 [INFO] org.hibernate.cache.internal.RegionFactoryInitiator HHH000026: Second-level cache disabled
2024-04-09 [INFO] org.springframework.orm.jpa.persistenceunit.SpringPersistenceUnitInfo No LoadTimeWeaver setup: ignoring JPA class transformer
2024-04-09 [INFO] com.zaxxer.hikari.HikariDataSource HikariPool-2 - Starting...
2024-04-09 [INFO] com.zaxxer.hikari.pool.HikariPool HikariPool-2 - Added connection com.mysql.cj.jdbc.ConnectionImpl@583f0498
2024-04-09 [INFO] com.zaxxer.hikari.HikariDataSource HikariPool-2 - Start completed.
2024-04-09 [INFO] org.hibernate.engine.transaction.jta.platform.internal.JtaPlatformInitiator HHH000489: No JTA platform available (set 'hibernate.transaction.jta.platform' to enable JTA platform integration)
2024-04-09 [INFO] org.springframework.orm.jpa.LocalContainerEntityManagerFactoryBean Initialized JPA EntityManagerFactory for persistence unit 'default'
2024-04-09 [WARN] org.springframework.boot.autoconfigure.orm.jpa.JpaBaseConfiguration$JpaWebConfiguration spring.jpa.open-in-view is enabled by default. Therefore, database queries may be performed during view rendering. Explicitly configure spring.jpa.open-in-view to disable this warning
2024-04-09 [INFO] org.springframework.boot.devtools.autoconfigure.OptionalLiveReloadServer LiveReload server is running on port 35729
2024-04-09 [INFO] org.springframework.boot.web.embedded.tomcat.TomcatWebServer Tomcat started on port 8081 (http) with context path ''
2024-04-09 [INFO] com.dydata.ErpTrackerApplication Started ErpTrackerApplication in 0.787 seconds (process running for 131.185)
2024-04-09 [INFO] com.dydata.ErpTrackerApplication I am info
2024-04-09 [WARN] com.dydata.ErpTrackerApplication I am warn
2024-04-09 [ERROR] com.dydata.ErpTrackerApplication I am error
2024-04-09 [INFO] org.springframework.boot.devtools.autoconfigure.ConditionEvaluationDeltaLoggingListener Condition evaluation unchanged
2024-04-09 [INFO] com.dydata.ErpTrackerApplication Starting ErpTrackerApplication using Java 17.0.3 with PID 15992 (C:\Users\Manit Hira\Downloads\ExaData_1\erp_tracker\erp_tracker\target\classes started by Manit Hira in C:\Users\Manit Hira\Downloads\ExaData_1\erp_tracker\erp_tracker)
2024-04-09 [INFO] com.dydata.ErpTrackerApplication No active profile set, falling back to 1 default profile: "default"
2024-04-09 [INFO] org.springframework.boot.devtools.env.DevToolsPropertyDefaultsPostProcessor Devtools property defaults active! Set 'spring.devtools.add-properties' to 'false' to disable
2024-04-09 [INFO] org.springframework.boot.devtools.env.DevToolsPropertyDefaultsPostProcessor For additional web related logging consider setting the 'logging.level.web' property to 'DEBUG'
2024-04-09 [INFO] org.springframework.data.repository.config.RepositoryConfigurationDelegate Bootstrapping Spring Data JPA repositories in DEFAULT mode.
2024-04-09 [INFO] org.springframework.data.repository.config.RepositoryConfigurationDelegate Finished Spring Data repository scanning in 61 ms. Found 1 JPA repository interface.
2024-04-09 [INFO] org.springframework.boot.web.embedded.tomcat.TomcatWebServer Tomcat initialized with port 8081 (http)
2024-04-09 [INFO] org.apache.catalina.core.StandardService Starting service [Tomcat]
2024-04-09 [INFO] org.apache.catalina.core.StandardEngine Starting Servlet engine: [Apache Tomcat/10.1.19]
2024-04-09 [INFO] org.apache.catalina.core.ContainerBase.[Tomcat].[localhost].[/] Initializing Spring embedded WebApplicationContext
2024-04-09 [INFO] org.springframework.boot.web.servlet.context.ServletWebServerApplicationContext Root WebApplicationContext: initialization completed in 2515 ms
2024-04-09 [INFO] org.hibernate.jpa.internal.util.LogHelper HHH000204: Processing PersistenceUnitInfo [name: default]
2024-04-09 [INFO] org.hibernate.Version HHH000412: Hibernate ORM core version 6.4.4.Final
2024-04-09 [INFO] org.hibernate.cache.internal.RegionFactoryInitiator HHH000026: Second-level cache disabled
2024-04-09 [INFO] org.springframework.orm.jpa.persistenceunit.SpringPersistenceUnitInfo No LoadTimeWeaver setup: ignoring JPA class transformer
2024-04-09 [INFO] com.zaxxer.hikari.HikariDataSource HikariPool-1 - Starting...
2024-04-09 [INFO] com.zaxxer.hikari.pool.HikariPool HikariPool-1 - Added connection com.mysql.cj.jdbc.ConnectionImpl@5a12eeae
2024-04-09 [INFO] com.zaxxer.hikari.HikariDataSource HikariPool-1 - Start completed.
2024-04-09 [INFO] org.hibernate.engine.transaction.jta.platform.internal.JtaPlatformInitiator HHH000489: No JTA platform available (set 'hibernate.transaction.jta.platform' to enable JTA platform integration)
2024-04-09 [INFO] org.springframework.orm.jpa.LocalContainerEntityManagerFactoryBean Initialized JPA EntityManagerFactory for persistence unit 'default'
2024-04-09 [WARN] org.springframework.boot.autoconfigure.orm.jpa.JpaBaseConfiguration$JpaWebConfiguration spring.jpa.open-in-view is enabled by default. Therefore, database queries may be performed during view rendering. Explicitly configure spring.jpa.open-in-view to disable this warning
2024-04-09 [INFO] org.springframework.boot.devtools.autoconfigure.OptionalLiveReloadServer LiveReload server is running on port 35729
2024-04-09 [INFO] org.springframework.boot.actuate.endpoint.web.EndpointLinksResolver Exposing 3 endpoint(s) beneath base path '/actuator'
2024-04-09 [INFO] org.springframework.boot.web.embedded.tomcat.TomcatWebServer Tomcat started on port 8081 (http) with context path ''
2024-04-09 [INFO] com.dydata.ErpTrackerApplication Started ErpTrackerApplication in 7.339 seconds (process running for 7.995)
2024-04-09 [INFO] com.dydata.ErpTrackerApplication I am info
2024-04-09 [WARN] com.dydata.ErpTrackerApplication I am warn
2024-04-09 [ERROR] com.dydata.ErpTrackerApplication I am error
2024-04-09 [INFO] org.apache.catalina.core.ContainerBase.[Tomcat].[localhost].[/] Initializing Spring DispatcherServlet 'dispatcherServlet'
2024-04-09 [INFO] org.springframework.web.servlet.DispatcherServlet Initializing Servlet 'dispatcherServlet'
2024-04-09 [INFO] org.springframework.web.servlet.DispatcherServlet Completed initialization in 2 ms
2024-04-09 [INFO] com.dydata.controller.RoleController insdie getAllRoles()
2024-04-09 [INFO] com.dydata.controller.RoleController insdie getAllRoles()
2024-04-09 [INFO] com.dydata.controller.RoleController insdie getAllRoles()
2024-04-09 [INFO] com.dydata.controller.RoleController insdie getAllRoles()
2024-04-09 [INFO] com.dydata.controller.RoleController insdie getAllRoles()
2024-04-09 [INFO] com.dydata.controller.RoleController insdie getAllRoles()
2024-04-09 [INFO] com.dydata.controller.RoleController insdie getAllRoles()
2024-04-09 [INFO] com.dydata.controller.RoleController insdie getAllRoles()
2024-04-09 [INFO] com.dydata.controller.RoleController insdie getAllRoles()
2024-04-09 [INFO] com.dydata.controller.RoleController insdie getAllRoles()
2024-04-09 [INFO] com.dydata.controller.RoleController insdie getAllRoles()
2024-04-09 [INFO] com.dydata.controller.RoleController insdie getAllRoles()
2024-04-09 [INFO] com.dydata.controller.RoleController insdie getAllRoles()
2024-04-09 [INFO] com.dydata.controller.RoleController insdie getAllRoles()
2024-04-09 [INFO] com.dydata.controller.RoleController insdie getAllRoles()
2024-04-09 [INFO] com.dydata.controller.RoleController insdie getAllRoles()
2024-04-09 [INFO] com.dydata.controller.RoleController insdie getAllRoles()
2024-04-09 [INFO] com.dydata.controller.RoleController insdie getAllRoles()
2024-04-09 [INFO] com.dydata.controller.RoleController insdie getAllRoles()
2024-04-09 [INFO] com.dydata.controller.RoleController insdie getAllRoles()
2024-04-09 [INFO] com.dydata.controller.RoleController insdie getAllRoles()
2024-04-09 [INFO] com.dydata.controller.RoleController insdie getAllRoles()
2024-04-09 [INFO] com.dydata.controller.RoleController insdie getAllRoles()
2024-04-09 [INFO] com.dydata.controller.RoleController insdie getAllRoles()
2024-04-09 [INFO] com.dydata.controller.RoleController insdie getAllRoles()
2024-04-09 [INFO] org.springframework.boot.devtools.autoconfigure.LocalDevToolsAutoConfiguration$RestartingClassPathChangeChangedEventListener Restarting due to 3 class path changes (0 additions, 0 deletions, 3 modifications)
2024-04-09 [INFO] org.springframework.orm.jpa.LocalContainerEntityManagerFactoryBean Closing JPA EntityManagerFactory for persistence unit 'default'
2024-04-09 [INFO] com.zaxxer.hikari.HikariDataSource HikariPool-1 - Shutdown initiated...
2024-04-09 [INFO] com.zaxxer.hikari.HikariDataSource HikariPool-1 - Shutdown completed.
2024-04-09 [INFO] com.dydata.ErpTrackerApplication Starting ErpTrackerApplication using Java 17.0.3 with PID 15992 (C:\Users\Manit Hira\Downloads\ExaData_1\erp_tracker\erp_tracker\target\classes started by Manit Hira in C:\Users\Manit Hira\Downloads\ExaData_1\erp_tracker\erp_tracker)
2024-04-09 [INFO] com.dydata.ErpTrackerApplication No active profile set, falling back to 1 default profile: "default"
2024-04-09 [INFO] org.springframework.data.repository.config.RepositoryConfigurationDelegate Bootstrapping Spring Data JPA repositories in DEFAULT mode.
2024-04-09 [INFO] org.springframework.data.repository.config.RepositoryConfigurationDelegate Finished Spring Data repository scanning in 8 ms. Found 1 JPA repository interface.
2024-04-09 [INFO] org.springframework.boot.web.embedded.tomcat.TomcatWebServer Tomcat initialized with port 8081 (http)
2024-04-09 [INFO] org.apache.catalina.core.StandardService Starting service [Tomcat]
2024-04-09 [INFO] org.apache.catalina.core.StandardEngine Starting Servlet engine: [Apache Tomcat/10.1.19]
2024-04-09 [INFO] org.apache.catalina.core.ContainerBase.[Tomcat].[localhost].[/] Initializing Spring embedded WebApplicationContext
2024-04-09 [INFO] org.springframework.boot.web.servlet.context.ServletWebServerApplicationContext Root WebApplicationContext: initialization completed in 641 ms
2024-04-09 [INFO] org.hibernate.jpa.internal.util.LogHelper HHH000204: Processing PersistenceUnitInfo [name: default]
2024-04-09 [INFO] org.hibernate.cache.internal.RegionFactoryInitiator HHH000026: Second-level cache disabled
2024-04-09 [INFO] org.springframework.orm.jpa.persistenceunit.SpringPersistenceUnitInfo No LoadTimeWeaver setup: ignoring JPA class transformer
2024-04-09 [INFO] com.zaxxer.hikari.HikariDataSource HikariPool-2 - Starting...
2024-04-09 [INFO] com.zaxxer.hikari.pool.HikariPool HikariPool-2 - Added connection com.mysql.cj.jdbc.ConnectionImpl@6f83e76e
2024-04-09 [INFO] com.zaxxer.hikari.HikariDataSource HikariPool-2 - Start completed.
2024-04-09 [INFO] org.hibernate.engine.transaction.jta.platform.internal.JtaPlatformInitiator HHH000489: No JTA platform available (set 'hibernate.transaction.jta.platform' to enable JTA platform integration)
2024-04-09 [INFO] org.springframework.orm.jpa.LocalContainerEntityManagerFactoryBean Initialized JPA EntityManagerFactory for persistence unit 'default'
2024-04-09 [WARN] org.springframework.boot.autoconfigure.orm.jpa.JpaBaseConfiguration$JpaWebConfiguration spring.jpa.open-in-view is enabled by default. Therefore, database queries may be performed during view rendering. Explicitly configure spring.jpa.open-in-view to disable this warning
2024-04-09 [INFO] org.springframework.boot.devtools.autoconfigure.OptionalLiveReloadServer LiveReload server is running on port 35729
2024-04-09 [INFO] org.springframework.boot.actuate.endpoint.web.EndpointLinksResolver Exposing 3 endpoint(s) beneath base path '/actuator'
2024-04-09 [INFO] org.springframework.boot.web.embedded.tomcat.TomcatWebServer Tomcat started on port 8081 (http) with context path ''
2024-04-09 [INFO] com.dydata.ErpTrackerApplication Started ErpTrackerApplication in 1.507 seconds (process running for 1270.458)
2024-04-09 [INFO] com.dydata.ErpTrackerApplication I am info
2024-04-09 [WARN] com.dydata.ErpTrackerApplication I am warn
2024-04-09 [ERROR] com.dydata.ErpTrackerApplication I am error
2024-04-09 [INFO] org.springframework.boot.devtools.autoconfigure.ConditionEvaluationDeltaLoggingListener Condition evaluation unchanged
2024-04-09 [INFO] com.dydata.ErpTrackerApplication Starting ErpTrackerApplication using Java 17.0.3 with PID 16200 (C:\Users\Manit Hira\Downloads\ExaData_1\erp_tracker\erp_tracker\target\classes started by Manit Hira in C:\Users\Manit Hira\Downloads\ExaData_1\erp_tracker\erp_tracker)
2024-04-09 [INFO] com.dydata.ErpTrackerApplication No active profile set, falling back to 1 default profile: "default"
2024-04-09 [INFO] org.springframework.boot.devtools.env.DevToolsPropertyDefaultsPostProcessor Devtools property defaults active! Set 'spring.devtools.add-properties' to 'false' to disable
2024-04-09 [INFO] org.springframework.boot.devtools.env.DevToolsPropertyDefaultsPostProcessor For additional web related logging consider setting the 'logging.level.web' property to 'DEBUG'
2024-04-09 [INFO] org.springframework.data.repository.config.RepositoryConfigurationDelegate Bootstrapping Spring Data JPA repositories in DEFAULT mode.
2024-04-09 [INFO] org.springframework.data.repository.config.RepositoryConfigurationDelegate Finished Spring Data repository scanning in 80 ms. Found 1 JPA repository interface.
2024-04-09 [INFO] org.springframework.boot.web.embedded.tomcat.TomcatWebServer Tomcat initialized with port 8081 (http)
2024-04-09 [INFO] org.apache.catalina.core.StandardService Starting service [Tomcat]
2024-04-09 [INFO] org.apache.catalina.core.StandardEngine Starting Servlet engine: [Apache Tomcat/10.1.19]
2024-04-09 [INFO] org.apache.catalina.core.ContainerBase.[Tomcat].[localhost].[/] Initializing Spring embedded WebApplicationContext
2024-04-09 [INFO] org.springframework.boot.web.servlet.context.ServletWebServerApplicationContext Root WebApplicationContext: initialization completed in 2661 ms
2024-04-09 [INFO] org.hibernate.jpa.internal.util.LogHelper HHH000204: Processing PersistenceUnitInfo [name: default]
2024-04-09 [INFO] org.hibernate.Version HHH000412: Hibernate ORM core version 6.4.4.Final
2024-04-09 [INFO] org.hibernate.cache.internal.RegionFactoryInitiator HHH000026: Second-level cache disabled
2024-04-09 [INFO] org.springframework.orm.jpa.persistenceunit.SpringPersistenceUnitInfo No LoadTimeWeaver setup: ignoring JPA class transformer
2024-04-09 [INFO] com.zaxxer.hikari.HikariDataSource HikariPool-1 - Starting...
2024-04-09 [INFO] com.zaxxer.hikari.pool.HikariPool HikariPool-1 - Added connection com.mysql.cj.jdbc.ConnectionImpl@71a45e5e
2024-04-09 [INFO] com.zaxxer.hikari.HikariDataSource HikariPool-1 - Start completed.
2024-04-09 [INFO] org.hibernate.engine.transaction.jta.platform.internal.JtaPlatformInitiator HHH000489: No JTA platform available (set 'hibernate.transaction.jta.platform' to enable JTA platform integration)
2024-04-09 [INFO] org.springframework.orm.jpa.LocalContainerEntityManagerFactoryBean Initialized JPA EntityManagerFactory for persistence unit 'default'
2024-04-09 [WARN] org.springframework.boot.autoconfigure.orm.jpa.JpaBaseConfiguration$JpaWebConfiguration spring.jpa.open-in-view is enabled by default. Therefore, database queries may be performed during view rendering. Explicitly configure spring.jpa.open-in-view to disable this warning
2024-04-09 [INFO] org.springframework.boot.devtools.autoconfigure.OptionalLiveReloadServer LiveReload server is running on port 35729
2024-04-09 [INFO] org.springframework.boot.actuate.endpoint.web.EndpointLinksResolver Exposing 3 endpoint(s) beneath base path '/actuator'
2024-04-09 [INFO] org.springframework.boot.web.embedded.tomcat.TomcatWebServer Tomcat started on port 8081 (http) with context path ''
2024-04-09 [INFO] com.dydata.ErpTrackerApplication Started ErpTrackerApplication in 8.065 seconds (process running for 8.811)
2024-04-09 [INFO] com.dydata.ErpTrackerApplication I am info
2024-04-09 [WARN] com.dydata.ErpTrackerApplication I am warn
2024-04-09 [ERROR] com.dydata.ErpTrackerApplication I am error
2024-04-09 [INFO] org.springframework.boot.devtools.autoconfigure.LocalDevToolsAutoConfiguration$RestartingClassPathChangeChangedEventListener Restarting due to 1 class path change (0 additions, 0 deletions, 1 modification)
2024-04-09 [INFO] org.springframework.orm.jpa.LocalContainerEntityManagerFactoryBean Closing JPA EntityManagerFactory for persistence unit 'default'
2024-04-09 [INFO] com.zaxxer.hikari.HikariDataSource HikariPool-1 - Shutdown initiated...
2024-04-09 [INFO] com.zaxxer.hikari.HikariDataSource HikariPool-1 - Shutdown completed.
2024-04-09 [INFO] com.dydata.ErpTrackerApplication Starting ErpTrackerApplication using Java 17.0.3 with PID 16200 (C:\Users\Manit Hira\Downloads\ExaData_1\erp_tracker\erp_tracker\target\classes started by Manit Hira in C:\Users\Manit Hira\Downloads\ExaData_1\erp_tracker\erp_tracker)
2024-04-09 [INFO] com.dydata.ErpTrackerApplication No active profile set, falling back to 1 default profile: "default"
2024-04-09 [INFO] org.springframework.data.repository.config.RepositoryConfigurationDelegate Bootstrapping Spring Data JPA repositories in DEFAULT mode.
2024-04-09 [INFO] org.springframework.data.repository.config.RepositoryConfigurationDelegate Finished Spring Data repository scanning in 12 ms. Found 1 JPA repository interface.
2024-04-09 [INFO] org.springframework.boot.web.embedded.tomcat.TomcatWebServer Tomcat initialized with port 8081 (http)
2024-04-09 [INFO] org.apache.catalina.core.StandardService Starting service [Tomcat]
2024-04-09 [INFO] org.apache.catalina.core.StandardEngine Starting Servlet engine: [Apache Tomcat/10.1.19]
2024-04-09 [INFO] org.apache.catalina.core.ContainerBase.[Tomcat].[localhost].[/] Initializing Spring embedded WebApplicationContext
2024-04-09 [INFO] org.springframework.boot.web.servlet.context.ServletWebServerApplicationContext Root WebApplicationContext: initialization completed in 642 ms
2024-04-09 [INFO] org.hibernate.jpa.internal.util.LogHelper HHH000204: Processing PersistenceUnitInfo [name: default]
2024-04-09 [INFO] org.hibernate.cache.internal.RegionFactoryInitiator HHH000026: Second-level cache disabled
2024-04-09 [INFO] org.springframework.orm.jpa.persistenceunit.SpringPersistenceUnitInfo No LoadTimeWeaver setup: ignoring JPA class transformer
2024-04-09 [INFO] com.zaxxer.hikari.HikariDataSource HikariPool-2 - Starting...
2024-04-09 [INFO] com.zaxxer.hikari.pool.HikariPool HikariPool-2 - Added connection com.mysql.cj.jdbc.ConnectionImpl@4afafc8e
2024-04-09 [INFO] com.zaxxer.hikari.HikariDataSource HikariPool-2 - Start completed.
2024-04-09 [INFO] org.hibernate.engine.transaction.jta.platform.internal.JtaPlatformInitiator HHH000489: No JTA platform available (set 'hibernate.transaction.jta.platform' to enable JTA platform integration)
2024-04-09 [INFO] org.springframework.orm.jpa.LocalContainerEntityManagerFactoryBean Initialized JPA EntityManagerFactory for persistence unit 'default'
2024-04-09 [WARN] org.springframework.boot.autoconfigure.orm.jpa.JpaBaseConfiguration$JpaWebConfiguration spring.jpa.open-in-view is enabled by default. Therefore, database queries may be performed during view rendering. Explicitly configure spring.jpa.open-in-view to disable this warning
2024-04-09 [INFO] org.springframework.boot.devtools.autoconfigure.OptionalLiveReloadServer LiveReload server is running on port 35729
2024-04-09 [INFO] org.springframework.boot.actuate.endpoint.web.EndpointLinksResolver Exposing 3 endpoint(s) beneath base path '/actuator'
2024-04-09 [INFO] org.springframework.boot.web.embedded.tomcat.TomcatWebServer Tomcat started on port 8081 (http) with context path ''
2024-04-09 [INFO] com.dydata.ErpTrackerApplication Started ErpTrackerApplication in 1.563 seconds (process running for 204.682)
2024-04-09 [INFO] com.dydata.ErpTrackerApplication I am info
2024-04-09 [WARN] com.dydata.ErpTrackerApplication I am warn
2024-04-09 [ERROR] com.dydata.ErpTrackerApplication I am error
2024-04-09 [INFO] org.springframework.boot.devtools.autoconfigure.ConditionEvaluationDeltaLoggingListener Condition evaluation delta:


==========================
CONDITION EVALUATION DELTA
==========================


Positive matches:
-----------------

   SpringBootAdminClientAutoConfiguration matched:
      - @ConditionalOnWebApplication (required) found 'session' scope (OnWebApplicationCondition)
      - matched (SpringBootAdminClientEnabledCondition)

   SpringBootAdminClientAutoConfiguration#registrationListener matched:
      - @ConditionalOnMissingBean (types: de.codecentric.boot.admin.client.registration.RegistrationApplicationListener; SearchStrategy: all) did not find any beans (OnBeanCondition)

   SpringBootAdminClientAutoConfiguration#registrator matched:
      - @ConditionalOnMissingBean (types: de.codecentric.boot.admin.client.registration.ApplicationRegistrator; SearchStrategy: all) did not find any beans (OnBeanCondition)

   SpringBootAdminClientAutoConfiguration#startupDateMetadataContributor matched:
      - @ConditionalOnMissingBean (types: de.codecentric.boot.admin.client.registration.metadata.StartupDateMetadataContributor; SearchStrategy: all) did not find any beans (OnBeanCondition)

   SpringBootAdminClientAutoConfiguration.BlockingRegistrationClientConfig matched:
      - @ConditionalOnBean (types: org.springframework.boot.web.client.RestTemplateBuilder; SearchStrategy: all) found bean 'restTemplateBuilder' (OnBeanCondition)

   SpringBootAdminClientAutoConfiguration.BlockingRegistrationClientConfig#registrationClient matched:
      - @ConditionalOnMissingBean (types: de.codecentric.boot.admin.client.registration.RegistrationClient; SearchStrategy: all) did not find any beans (OnBeanCondition)

   SpringBootAdminClientAutoConfiguration.ServletConfiguration matched:
      - found 'session' scope (OnWebApplicationCondition)

   SpringBootAdminClientAutoConfiguration.ServletConfiguration#applicationFactory matched:
      - @ConditionalOnMissingBean (types: de.codecentric.boot.admin.client.registration.ApplicationFactory; SearchStrategy: all) did not find any beans (OnBeanCondition)

   SpringNativeClientAutoConfiguration matched:
      - @ConditionalOnWebApplication (required) found 'session' scope (OnWebApplicationCondition)
      - matched (SpringBootAdminClientEnabledCondition)


Negative matches:
-----------------

   SpringBootAdminClientAutoConfiguration.ReactiveConfiguration:
      Did not match:
         - did not find reactive web application classes (OnWebApplicationCondition)

   SpringBootAdminClientAutoConfiguration.ReactiveRegistrationClientConfig:
      Did not match:
         - @ConditionalOnBean did not find required type 'org.springframework.web.reactive.function.client.WebClient$Builder' (OnBeanCondition)
         - @ConditionalOnBean (types: org.springframework.web.reactive.function.client.WebClient$Builder; SearchStrategy: all) did not find any beans of type org.springframework.web.reactive.function.client.WebClient$Builder (OnBeanCondition)


Exclusions:
-----------

    None


Unconditional classes:
----------------------

    None



2024-04-09 [INFO] de.codecentric.boot.admin.client.registration.ApplicationRegistrator Application registered itself as 3cf3e83335f2
2024-04-09 [INFO] org.apache.catalina.core.ContainerBase.[Tomcat].[localhost].[/] Initializing Spring DispatcherServlet 'dispatcherServlet'
2024-04-09 [INFO] org.springframework.web.servlet.DispatcherServlet Initializing Servlet 'dispatcherServlet'
2024-04-09 [INFO] org.springframework.web.servlet.DispatcherServlet Completed initialization in 2 ms
2024-04-09 [INFO] com.dydata.controller.RoleController insdie getAllRoles()
2024-04-09 [INFO] com.dydata.controller.RoleController insdie getAllRoles()
2024-04-09 [INFO] com.dydata.controller.RoleController insdie getAllRoles()
2024-04-09 [INFO] com.dydata.controller.RoleController insdie getAllRoles()
2024-04-09 [INFO] com.dydata.controller.RoleController insdie getAllRoles()
2024-04-09 [INFO] com.dydata.controller.RoleController insdie getAllRoles()
2024-04-09 [INFO] com.dydata.controller.RoleController insdie getAllRoles()
2024-04-09 [INFO] com.dydata.controller.RoleController insdie getAllRoles()
2024-04-09 [INFO] com.dydata.controller.RoleController insdie getAllRoles()
2024-04-09 [INFO] com.dydata.controller.RoleController insdie getAllRoles()
2024-04-09 [INFO] com.dydata.controller.RoleController insdie getAllRoles()
2024-04-09 [INFO] com.dydata.controller.RoleController insdie getAllRoles()
2024-04-09 [INFO] com.dydata.controller.RoleController insdie getAllRoles()
2024-04-09 [INFO] com.dydata.controller.RoleController insdie getAllRoles()
2024-04-09 [INFO] com.dydata.controller.RoleController insdie getAllRoles()
2024-04-09 [INFO] com.dydata.controller.RoleController insdie getAllRoles()
2024-04-09 [INFO] com.dydata.controller.RoleController insdie getAllRoles()
2024-04-09 [INFO] com.dydata.controller.RoleController insdie getAllRoles()
2024-04-09 [INFO] com.dydata.controller.RoleController insdie getAllRoles()
2024-04-09 [INFO] com.dydata.controller.RoleController insdie getAllRoles()
2024-04-09 [INFO] com.dydata.controller.RoleController insdie getAllRoles()
2024-04-09 [INFO] com.dydata.controller.RoleController insdie getAllRoles()
2024-04-09 [INFO] com.dydata.controller.RoleController insdie getAllRoles()
2024-04-09 [INFO] com.dydata.controller.RoleController insdie getAllRoles()
2024-04-09 [INFO] com.dydata.controller.RoleController insdie getAllRoles()
2024-04-09 [INFO] com.dydata.controller.RoleController insdie getAllRoles()
2024-04-09 [INFO] com.dydata.controller.RoleController insdie getAllRoles()
2024-04-09 [INFO] com.dydata.controller.RoleController insdie getAllRoles()
2024-04-09 [INFO] com.dydata.controller.RoleController insdie getAllRoles()
2024-04-09 [INFO] com.dydata.controller.RoleController insdie getAllRoles()
2024-04-09 [INFO] com.dydata.controller.RoleController insdie getAllRoles()
2024-04-09 [INFO] com.dydata.controller.RoleController insdie getAllRoles()
2024-04-09 [INFO] com.dydata.controller.RoleController insdie getAllRoles()
2024-04-09 [INFO] com.dydata.controller.RoleController insdie getAllRoles()
2024-04-09 [INFO] com.dydata.controller.RoleController insdie getAllRoles()
2024-04-09 [INFO] com.dydata.controller.RoleController insdie getAllRoles()
2024-04-09 [INFO] com.dydata.controller.RoleController insdie getAllRoles()
2024-04-09 [INFO] com.dydata.controller.RoleController insdie getAllRoles()
2024-04-09 [INFO] com.dydata.controller.RoleController insdie getAllRoles()
2024-04-09 [INFO] com.dydata.controller.RoleController insdie getAllRoles()
2024-04-09 [INFO] com.dydata.controller.RoleController insdie getAllRoles()
2024-04-09 [INFO] com.dydata.controller.RoleController insdie getAllRoles()
2024-04-09 [INFO] com.dydata.controller.RoleController insdie getAllRoles()
2024-04-09 [INFO] com.dydata.controller.RoleController insdie getAllRoles()
2024-04-09 [INFO] com.dydata.controller.RoleController insdie getAllRoles()
2024-04-09 [INFO] com.dydata.controller.RoleController insdie getAllRoles()
2024-04-09 [INFO] com.dydata.controller.RoleController insdie getAllRoles()
2024-04-09 [INFO] com.dydata.controller.RoleController insdie getAllRoles()
2024-04-09 [INFO] com.dydata.controller.RoleController insdie getAllRoles()
2024-04-09 [INFO] com.dydata.controller.RoleController insdie getAllRoles()
2024-04-09 [INFO] com.dydata.controller.RoleController insdie getAllRoles()
2024-04-09 [INFO] com.dydata.controller.RoleController insdie getAllRoles()
2024-04-09 [INFO] com.dydata.controller.RoleController insdie getAllRoles()
2024-04-09 [INFO] com.dydata.controller.RoleController insdie getAllRoles()
2024-04-09 [INFO] com.dydata.controller.RoleController insdie getAllRoles()
2024-04-09 [INFO] com.dydata.controller.RoleController insdie getAllRoles()
2024-04-09 [INFO] com.dydata.controller.RoleController insdie getAllRoles()
2024-04-09 [INFO] com.dydata.controller.RoleController insdie getAllRoles()
2024-04-09 [INFO] com.dydata.controller.RoleController insdie getAllRoles()
2024-04-09 [INFO] com.dydata.controller.RoleController insdie getAllRoles()
2024-04-09 [INFO] com.dydata.controller.RoleController insdie getAllRoles()
2024-04-09 [INFO] com.dydata.controller.RoleController insdie getAllRoles()
2024-04-09 [INFO] com.dydata.controller.RoleController insdie getAllRoles()
2024-04-09 [INFO] com.dydata.controller.RoleController insdie getAllRoles()
2024-04-09 [INFO] com.dydata.controller.RoleController insdie getAllRoles()
2024-04-09 [INFO] com.dydata.controller.RoleController insdie getAllRoles()
2024-04-09 [INFO] com.dydata.controller.RoleController insdie getAllRoles()
2024-04-09 [INFO] com.dydata.controller.RoleController insdie getAllRoles()
2024-04-09 [INFO] com.dydata.controller.RoleController insdie getAllRoles()
2024-04-09 [INFO] com.dydata.controller.RoleController insdie getAllRoles()
2024-04-09 [INFO] com.dydata.controller.RoleController insdie getAllRoles()
2024-04-09 [INFO] com.dydata.controller.RoleController insdie getAllRoles()
2024-04-09 [INFO] com.dydata.controller.RoleController insdie getAllRoles()
2024-04-09 [INFO] com.dydata.controller.RoleController insdie getAllRoles()
2024-04-09 [INFO] com.dydata.controller.RoleController insdie getAllRoles()
2024-04-09 [INFO] com.dydata.controller.RoleController insdie getAllRoles()
2024-04-09 [INFO] com.dydata.controller.RoleController insdie getAllRoles()
2024-04-09 [INFO] com.dydata.controller.RoleController insdie getAllRoles()
2024-04-09 [INFO] com.dydata.controller.RoleController insdie getAllRoles()
2024-04-09 [INFO] com.dydata.controller.RoleController insdie getAllRoles()
2024-04-09 [INFO] com.dydata.controller.RoleController insdie getAllRoles()
2024-04-09 [INFO] com.dydata.controller.RoleController insdie getAllRoles()
2024-04-09 [INFO] com.dydata.controller.RoleController insdie getAllRoles()
2024-04-09 [INFO] com.dydata.controller.RoleController insdie getAllRoles()
2024-04-09 [INFO] com.dydata.controller.RoleController insdie getAllRoles()
2024-04-09 [INFO] com.dydata.controller.RoleController insdie getAllRoles()
2024-04-09 [INFO] com.dydata.controller.RoleController insdie getAllRoles()
2024-04-09 [INFO] com.dydata.controller.RoleController insdie getAllRoles()
2024-04-09 [INFO] com.dydata.controller.RoleController insdie getAllRoles()
2024-04-09 [INFO] com.dydata.controller.RoleController insdie getAllRoles()
2024-04-09 [INFO] com.dydata.controller.RoleController insdie getAllRoles()
2024-04-09 [INFO] com.dydata.controller.RoleController insdie getAllRoles()
2024-04-09 [INFO] com.dydata.controller.RoleController insdie getAllRoles()
2024-04-09 [INFO] com.dydata.controller.RoleController insdie getAllRoles()
2024-04-09 [INFO] com.dydata.controller.RoleController insdie getAllRoles()
2024-04-09 [INFO] com.dydata.controller.RoleController insdie getAllRoles()
2024-04-09 [INFO] com.dydata.controller.RoleController insdie getAllRoles()
2024-04-09 [INFO] com.dydata.controller.RoleController insdie getAllRoles()
2024-04-09 [INFO] com.dydata.controller.RoleController insdie getAllRoles()
2024-04-09 [INFO] com.dydata.controller.RoleController insdie getAllRoles()
2024-04-09 [INFO] com.dydata.controller.RoleController insdie getAllRoles()
2024-04-09 [INFO] com.dydata.controller.RoleController insdie getAllRoles()
2024-04-09 [INFO] com.dydata.controller.RoleController insdie getAllRoles()
2024-04-09 [INFO] com.dydata.controller.RoleController insdie getAllRoles()
2024-04-09 [INFO] com.dydata.controller.RoleController insdie getAllRoles()
2024-04-09 [INFO] com.dydata.controller.RoleController insdie getAllRoles()
2024-04-09 [INFO] com.dydata.controller.RoleController insdie getAllRoles()
2024-04-09 [INFO] com.dydata.controller.RoleController insdie getAllRoles()
2024-04-09 [INFO] com.dydata.controller.RoleController insdie getAllRoles()
2024-04-09 [INFO] com.dydata.controller.RoleController insdie getAllRoles()
2024-04-09 [INFO] com.dydata.controller.RoleController insdie getAllRoles()
2024-04-09 [INFO] com.dydata.controller.RoleController insdie getAllRoles()
2024-04-09 [INFO] com.dydata.controller.RoleController insdie getAllRoles()
